Google OAuth callbackURL: /api/auth/google/callback
mongo: using database name from MONGODB_DB_NAME= mytarotreadings
mongo: connecting attempt 1/3 (serverSelectionTimeoutMS=8000)
mongo: connected
mongo: attached Vercel database pool
✅ Connected to MongoDB Atlas (ensureDatabase)
🚀 Server running on http://localhost:5001
Express dynamic CORS - Origin: undefined Allowing all origins
[readings POST] body: {
  querent: 'self',
  spread: null,
  image: null,
  question: 'tz test',
  deck: null,
  dateTime: '2025-09-27T15:30',
  drawnCards: [],
  interpretation: '',
  selectedTags: [],
  userId: null
}
[readings POST] headers x-user-id: undefined effectiveUserId: null
[readings POST] incoming querent: { rawQuerent: 'self', type: 'string' }
[readings POST] resolvedQuerent before coercion: {
  resolvedQuerent: new ObjectId("68d3f6248b8cd8c06c585a3e"),
  effectiveUserId: null
}
[readings POST] saved reading querent: {
  querent: { _id: new ObjectId("68d3f6248b8cd8c06c585a3e"), name: 'Self' }
}
📝 Reading saved to MongoDB: new ObjectId("68d84cae04daa0c7f9cf9d94")
